21:19:43.139 INFO [GridLauncherV3.parse] - Selenium server version: 3.141.59, revision: e82be7d358
21:19:43.250 INFO [GridLauncherV3.lambda$buildLaunchers$3] - Launching a standalone Selenium Server on port 4444
2020-11-10 21:19:43.333:INFO::main: Logging initialized @661ms to org.seleniumhq.jetty9.util.log.StdErrLog
21:19:43.839 INFO [WebDriverServlet.<init>] - Initialising WebDriverServlet
21:19:44.035 INFO [SeleniumServer.boot] - Selenium Server is up and running on port 4444
21:19:44.403 INFO [ActiveSessionFactory.apply] - Capabilities are: {
  "acceptSslCerts": true,
  "browserName": "chrome",
  "chromeOptions": {
    "w3c": false
  },
  "javascriptEnabled": true,
  "name": "Index"
}
21:19:44.405 INFO [ActiveSessionFactory.lambda$apply$11] - Matched factory org.openqa.selenium.grid.session.remote.ServicedSession$Factory (provider: org.openqa.selenium.chrome.ChromeDriverService)
Starting ChromeDriver 85.0.4183.87 (cd6713ebf92fa1cacc0f1a598df280093af0c5d7-refs/branch-heads/4183@{#1689}) on port 30027
Only local connections are allowed.
Please see https://chromedriver.chromium.org/security-considerations for suggestions on keeping ChromeDriver safe.
ChromeDriver was started successfully.
[1605039587.019][WARNING]: This version of ChromeDriver has not been tested with Chrome version 86.
21:19:47.159 INFO [ProtocolHandshake.createSession] - Detected dialect: OSS
21:19:47.942 INFO [RemoteSession$Factory.lambda$performHandshake$0] - Started new session 8302013881d896a6032fcf89450a932e (org.openqa.selenium.chrome.ChromeDriverService)
21:19:53.172 INFO [ActiveSessions$1.onStop] - Removing session 8302013881d896a6032fcf89450a932e (org.openqa.selenium.chrome.ChromeDriverService)
